INFO:root:Input file 0: /Users/guorongxu/Desktop/SearchEngine/GEO/raw_files/GSE4271_Phillips_Glioma_High_Grade_200_Arrays_Genentech.txt.new
INFO:root:Input file 1: /Users/guorongxu/Desktop/SearchEngine/GEO/raw_files/GSE4271_Phillips_Glioma_High_Grade_200_Arrays_Genentech.txt.new
INFO:root:Output file: /Users/guorongxu/Desktop/SearchEngine/GEO/raw_files/GSE4271_Phillips_Glioma_High_Grade_200_Arrays_Genentech.cor
INFO:root:parse /Users/guorongxu/Desktop/SearchEngine/GEO/raw_files/GSE4271_Phillips_Glioma_High_Grade_200_Arrays_Genentech.txt.new - started
INFO:root:Input file 0: /Users/guorongxu/Desktop/SearchEngine/GEO/raw_files/GSE4271_Phillips_Glioma_High_Grade_200_Arrays_Genentech.txt.new
INFO:root:Input file 1: /Users/guorongxu/Desktop/SearchEngine/GEO/raw_files/GSE4271_Phillips_Glioma_High_Grade_200_Arrays_Genentech.txt.new
INFO:root:Output file: /Users/guorongxu/Desktop/SearchEngine/GEO/raw_files/GSE4271_Phillips_Glioma_High_Grade_200_Arrays_Genentech.cor
INFO:root:parse /Users/guorongxu/Desktop/SearchEngine/GEO/raw_files/GSE4271_Phillips_Glioma_High_Grade_200_Arrays_Genentech.txt.new - started
INFO:root:Input file 0: /Users/guorongxu/Desktop/SearchEngine/GEO/raw_files/GSE4271_Phillips_Glioma_High_Grade_200_Arrays_Genentech.txt.new
INFO:root:Input file 1: /Users/guorongxu/Desktop/SearchEngine/GEO/raw_files/GSE4271_Phillips_Glioma_High_Grade_200_Arrays_Genentech.txt.new
INFO:root:Output file: /Users/guorongxu/Desktop/SearchEngine/GEO/raw_files/GSE4271_Phillips_Glioma_High_Grade_200_Arrays_Genentech.cor
INFO:root:parse /Users/guorongxu/Desktop/SearchEngine/GEO/raw_files/GSE4271_Phillips_Glioma_High_Grade_200_Arrays_Genentech.txt.new - started
INFO:root:Input file 0: /Users/guorongxu/Desktop/SearchEngine/GEO/raw_files/GSE4271_Phillips_Glioma_High_Grade_200_Arrays_Genentech.txt.new
INFO:root:Input file 1: /Users/guorongxu/Desktop/SearchEngine/GEO/raw_files/GSE4271_Phillips_Glioma_High_Grade_200_Arrays_Genentech.txt.new
INFO:root:Output file: /Users/guorongxu/Desktop/SearchEngine/GEO/raw_files/GSE4271_Phillips_Glioma_High_Grade_200_Arrays_Genentech.cor
INFO:root:parse /Users/guorongxu/Desktop/SearchEngine/GEO/raw_files/GSE4271_Phillips_Glioma_High_Grade_200_Arrays_Genentech.txt.new - started
INFO:root:Input file 0: /Users/guorongxu/Desktop/SearchEngine/GEO/raw_files/GSE4271_Phillips_Glioma_High_Grade_200_Arrays_Genentech.txt.new
INFO:root:Input file 1: /Users/guorongxu/Desktop/SearchEngine/GEO/raw_files/GSE4271_Phillips_Glioma_High_Grade_200_Arrays_Genentech.txt.new
INFO:root:Output file: /Users/guorongxu/Desktop/SearchEngine/GEO/raw_files/GSE4271_Phillips_Glioma_High_Grade_200_Arrays_Genentech.cor
INFO:root:parse /Users/guorongxu/Desktop/SearchEngine/GEO/raw_files/GSE4271_Phillips_Glioma_High_Grade_200_Arrays_Genentech.txt.new - started
INFO:root:346112 of 10279840 (3.4%) in 00:00:45 (00:21:32 remaining)
INFO:root:Input file 0: /Users/guorongxu/Desktop/SearchEngine/GEO/raw_files/GSE4271_Phillips_Glioma_High_Grade_200_Arrays_Genentech.txt.new
INFO:root:Input file 1: /Users/guorongxu/Desktop/SearchEngine/GEO/raw_files/GSE4271_Phillips_Glioma_High_Grade_200_Arrays_Genentech.txt.new
INFO:root:Output file: /Users/guorongxu/Desktop/SearchEngine/GEO/raw_files/GSE4271_Phillips_Glioma_High_Grade_200_Arrays_Genentech.cor
INFO:root:parse /Users/guorongxu/Desktop/SearchEngine/GEO/raw_files/GSE4271_Phillips_Glioma_High_Grade_200_Arrays_Genentech.txt.new - started
INFO:root:346112 of 10279840 (3.4%) in 00:00:11 (00:05:39 remaining)
INFO:root:530432 of 10279840 (5.2%) in 00:00:12 (00:03:40 remaining)
INFO:root:1544192 of 10279840 (15.0%) in 00:00:13 (00:01:13 remaining)
INFO:root:2578432 of 10279840 (25.1%) in 00:00:14 (00:00:41 remaining)
INFO:root:3653632 of 10279840 (35.5%) in 00:00:15 (00:00:27 remaining)
INFO:root:4708352 of 10279840 (45.8%) in 00:00:16 (00:00:18 remaining)
INFO:root:Input file 0: /Users/guorongxu/Desktop/SearchEngine/GEO/raw_files/GSE4271_Phillips_Glioma_High_Grade_200_Arrays_Genentech.txt.new
INFO:root:Input file 1: /Users/guorongxu/Desktop/SearchEngine/GEO/raw_files/GSE4271_Phillips_Glioma_High_Grade_200_Arrays_Genentech.txt.new
INFO:root:Output file: /Users/guorongxu/Desktop/SearchEngine/GEO/raw_files/GSE4271_Phillips_Glioma_High_Grade_200_Arrays_Genentech.cor
INFO:root:parse /Users/guorongxu/Desktop/SearchEngine/GEO/raw_files/GSE4271_Phillips_Glioma_High_Grade_200_Arrays_Genentech.txt.new - started
INFO:root:346112 of 10279840 (3.4%) in 00:00:04 (00:02:03 remaining)
INFO:root:346112 of 10279840 (3.4%) in 00:00:20 (00:09:53 remaining)
INFO:root:673792 of 10279840 (6.6%) in 00:00:21 (00:04:59 remaining)
INFO:root:1677312 of 10279840 (16.3%) in 00:00:22 (00:01:52 remaining)
INFO:root:Input file 0: /Users/guorongxu/Desktop/SearchEngine/GEO/raw_files/GSE4271_Phillips_Glioma_High_Grade_200_Arrays_Genentech.txt.new
INFO:root:Input file 1: /Users/guorongxu/Desktop/SearchEngine/GEO/raw_files/GSE4271_Phillips_Glioma_High_Grade_200_Arrays_Genentech.txt.new
INFO:root:Output file: /Users/guorongxu/Desktop/SearchEngine/GEO/raw_files/GSE4271_Phillips_Glioma_High_Grade_200_Arrays_Genentech.cor
INFO:root:parse /Users/guorongxu/Desktop/SearchEngine/GEO/raw_files/GSE4271_Phillips_Glioma_High_Grade_200_Arrays_Genentech.txt.new - started
INFO:root:8740864 of 10279840 (85.0%) in 00:00:01 (00:00:00 remaining)
INFO:root:parsed /Users/guorongxu/Desktop/SearchEngine/GEO/raw_files/GSE4271_Phillips_Glioma_High_Grade_200_Arrays_Genentech.txt.new is 14392 x 100
INFO:root:parse /Users/guorongxu/Desktop/SearchEngine/GEO/raw_files/GSE4271_Phillips_Glioma_High_Grade_200_Arrays_Genentech.txt.new - finished in 00:00:01
INFO:root:pruned 0 of 14392 rows with all zeros (14392 remaining)
INFO:root:ranking for spearman correlation - started
INFO:root:ranking for spearman correlation - finished in 00:00:00
INFO:root:writing /Users/guorongxu/Desktop/SearchEngine/GEO/raw_files/GSE4271_Phillips_Glioma_High_Grade_200_Arrays_Genentech.cor - started
